Hello

[2021-01-30 19:46:02] name.WARNING: Foo [] []
[2021-01-30 19:46:02] name.ERROR: Bar [] []
[2021-01-31 00:48:26] name.WARNING: Foo [] []
[2021-01-31 00:48:26] name.ERROR: Bar [] []
[2021-01-31 17:21:12] name.WARNING: Foo [] []
[2021-01-31 17:21:12] name.ERROR: Bar [] []
[2021-01-31 12:22:24] name.WARNING: Foo [] []
[2021-01-31 12:22:24] name.ERROR: Bar [] []
[2021-01-31 12:37:46] name.WARNING: Ошибка соединения [] []
[2021-01-31 12:37:46] name.ERROR: Ошибка [] []
[2021-01-31 12:38:32] name.WARNING: Ошибка соединения [] []
[2021-01-31 12:38:32] name.INFO: 0.00798 [] []
[2021-01-31 12:38:32] name.INFO: 613552 [] []
[2021-01-31 12:38:32] name.ERROR: Ошибка [] []
[2021-01-31 12:45:41] name.WARNING: Ошибка соединения [] []
[2021-01-31 12:45:41] name.INFO: 0.00949 [] []
[2021-01-31 12:45:41] name.INFO: 660864 [] []
[2021-01-31 12:45:41] name.ERROR: Ошибка [] []
[2021-01-31 12:46:10] name.WARNING: Ошибка соединения [] []
[2021-01-31 12:46:10] name.INFO: 0.010758 [] []
[2021-01-31 12:46:10] name.INFO: 661072 [] []
[2021-01-31 12:46:10] name.ERROR: Ошибка [] []
[2021-01-31 12:48:20] name.WARNING: Ошибка соединения [] []
[2021-01-31 12:48:20] name.INFO: -0.263666 [] []
[2021-01-31 12:48:20] name.INFO: 12385976 [] []
[2021-01-31 12:48:20] name.ERROR: Ошибка [] []
[2021-01-31 12:50:06] name.WARNING: Ошибка соединения [] []
[2021-01-31 12:50:06] name.INFO: -0.217026 [] []
[2021-01-31 12:50:06] name.INFO: 12385976 [] []
[2021-01-31 12:50:06] name.ERROR: Ошибка [] []
[2021-01-31 12:54:22] name.WARNING: Ошибка соединения [] []
[2021-01-31 12:54:22] name.INFO: -0.502856 [] []
[2021-01-31 12:54:22] name.INFO: 15263832 [] []
[2021-01-31 12:54:22] name.ERROR: Ошибка [] []
[2021-01-31 12:58:49] name.INFO: До выполнения цикла538976 [] []
[2021-01-31 12:58:49] name.INFO: После выполнения цикла15265640 [] []
[2021-01-31 12:58:52] name.INFO: До выполнения цикла538736 [] []
[2021-01-31 12:58:53] name.INFO: После выполнения цикла15265392 [] []
[2021-01-31 12:58:54] name.INFO: До выполнения цикла538736 [] []
[2021-01-31 12:58:54] name.INFO: После выполнения цикла15265392 [] []
[2021-01-31 13:02:49] name.INFO: До выполнения цикла538736 [] []
[2021-01-31 13:02:49] name.INFO: После выполнения цикла15265392 [] []
[2021-01-31 13:07:35] name.INFO: До выполнения цикла538736 [] []
[2021-01-31 13:07:35] name.INFO: После выполнения цикла15265392 [] []
[2021-01-31 13:08:49] name.INFO: До выполнения цикла 539776 [] []
[2021-01-31 13:08:49] name.INFO: После выполнения цикла 15266120 [] []
[2021-01-31 13:09:42] name.INFO: До выполнения цикла 539776 [] []
[2021-01-31 13:09:43] name.INFO: После выполнения цикла 15266120 [] []
[2021-01-31 13:09:43] name.INFO: После удаления массива 617200 [] []
[2021-01-31 13:09:43] name.WARNING: Ошибка соединения [] []
[2021-01-31 13:09:43] name.INFO: -0.916405 [] []
[2021-01-31 13:09:43] name.INFO: 617424 [] []
[2021-01-31 13:18:25] name.INFO: До выполнения цикла 538976 [] []
[2021-01-31 13:18:25] name.INFO: После выполнения цикла 15265640 [] []
[2021-01-31 13:18:25] name.INFO: После удаления массива 616728 [] []
[2021-01-31 13:18:25] name.WARNING: Ошибка соединения [] []
[2021-01-31 13:18:25] name.INFO: 0.136777 [] []
[2021-01-31 13:18:25] name.INFO: 616952 [] []
[2021-01-31 13:19:31] name.INFO: До выполнения цикла 539776 [] []
[2021-01-31 13:19:31] name.INFO: После выполнения цикла 15266120 [] []
[2021-01-31 13:19:32] name.INFO: После удаления массива 617200 [] []
[2021-01-31 13:19:32] name.WARNING: Ошибка соединения [] []
[2021-01-31 13:19:32] name.INFO: -0.927474 [] []
[2021-01-31 13:19:32] name.INFO: 617424 [] []
[2021-01-31 13:20:15] name.INFO: До выполнения цикла 539776 [] []
[2021-01-31 13:20:15] name.INFO: После выполнения цикла 15266120 [] []
[2021-01-31 13:20:15] name.INFO: После удаления массива 617200 [] []
[2021-01-31 13:20:15] name.WARNING: Ошибка соединения [] []
[2021-01-31 13:20:15] name.INFO: 0.078938 [] []
[2021-01-31 13:20:15] name.INFO: 617424 [] []
[2021-01-31 13:21:03] name.INFO: До выполнения цикла 539680 [] []
[2021-01-31 13:21:03] name.INFO: После выполнения цикла 15266008 [] []
[2021-01-31 13:21:03] name.INFO: После удаления массива 617112 [] []
[2021-01-31 13:21:03] name.WARNING: Ошибка соединения [] []
[2021-01-31 13:21:03] name.INFO: 0.145472 [] []
[2021-01-31 13:21:03] name.INFO: 617336 [] []
[2021-01-31 13:21:04] name.INFO: До выполнения цикла 539680 [] []
[2021-01-31 13:21:04] name.INFO: После выполнения цикла 15266008 [] []
[2021-01-31 13:21:04] name.INFO: После удаления массива 617112 [] []
[2021-01-31 13:21:04] name.WARNING: Ошибка соединения [] []
[2021-01-31 13:21:04] name.INFO: 0.109947 [] []
[2021-01-31 13:21:04] name.INFO: 617336 [] []
[2021-01-31 13:21:54] name.INFO: До выполнения цикла 539680 [] []
[2021-01-31 13:21:54] name.INFO: После выполнения цикла 15266008 [] []
[2021-01-31 13:21:54] name.INFO: После удаления массива 617112 [] []
[2021-01-31 13:21:54] name.WARNING: Ошибка соединения [] []
[2021-01-31 13:21:54] name.INFO: 0.071487 [] []
[2021-01-31 13:21:54] name.INFO: 617336 [] []
[2021-01-31 13:22:46] name.INFO: До выполнения цикла 539800 [] []
[2021-01-31 13:22:46] name.INFO: После выполнения цикла 15266152 [] []
[2021-01-31 13:22:47] name.INFO: После удаления массива 617232 [] []
[2021-01-31 13:22:47] name.WARNING: Ошибка соединения [] []
[2021-01-31 13:22:47] name.INFO: -0.915 [] []
[2021-01-31 13:22:47] name.INFO: 617456 [] []
[2021-01-31 18:25:06] name.INFO: До выполнения цикла 540424 [] []
[2021-01-31 18:25:06] name.INFO: После выполнения цикла 15266760 [] []
[2021-01-31 18:25:06] name.INFO: После удаления массива 617872 [] []
[2021-01-31 18:25:06] name.WARNING: Ошибка соединения [] []
[2021-01-31 18:25:06] name.INFO: 0.08288 [] []
[2021-01-31 18:25:06] name.INFO: 618096 [] []
[2021-01-31 19:17:50] name.INFO: До выполнения цикла 540200 [] []
[2021-01-31 19:17:50] name.INFO: После выполнения цикла 15266560 [] []
[2021-01-31 19:17:50] name.INFO: После удаления массива 617664 [] []
[2021-01-31 19:17:50] name.WARNING: Ошибка соединения [] []
[2021-01-31 19:17:50] name.INFO: 0.096562 [] []
[2021-01-31 19:17:50] name.INFO: 617888 [] []
[2021-01-31 19:23:28] name.INFO: До выполнения цикла 642752 [] []
[2021-01-31 19:23:28] name.INFO: После выполнения цикла 4905144 [] []
[2021-01-31 19:23:28] name.INFO: После удаления массива 706664 [] []
[2021-01-31 19:23:28] name.WARNING: Ошибка соединения [] []
[2021-01-31 19:23:28] name.INFO: 0.110115 [] []
[2021-01-31 19:23:28] name.INFO: 706712 [] []
[2021-02-01 13:33:53] name.INFO: До выполнения цикла 642752 [] []
[2021-02-01 13:33:53] name.INFO: После выполнения цикла 4905144 [] []
[2021-02-01 13:33:53] name.INFO: После удаления массива 706664 [] []
[2021-02-01 13:33:53] name.WARNING: Ошибка соединения [] []
[2021-02-01 13:33:53] name.INFO: 0.341123 [] []
[2021-02-01 13:33:53] name.INFO: 706712 [] []
[2021-02-01 13:48:38] name.INFO: До выполнения цикла 642216 [] []
[2021-02-01 13:48:38] name.INFO: После выполнения цикла 4904984 [] []
[2021-02-01 13:48:38] name.INFO: После удаления массива 706504 [] []
[2021-02-01 13:48:38] name.WARNING: Ошибка соединения [] []
[2021-02-01 13:48:38] name.INFO: 0.098736 [] []
[2021-02-01 13:48:38] name.INFO: 706552 [] []
[2021-02-01 13:48:40] name.INFO: До выполнения цикла 642216 [] []
[2021-02-01 13:48:40] name.INFO: После выполнения цикла 4904984 [] []
[2021-02-01 13:48:40] name.INFO: После удаления массива 706504 [] []
[2021-02-01 13:48:40] name.WARNING: Ошибка соединения [] []
[2021-02-01 13:48:40] name.INFO: 0.092598 [] []
[2021-02-01 13:48:40] name.INFO: 706552 [] []
[2021-02-01 13:48:41] name.INFO: До выполнения цикла 642216 [] []
[2021-02-01 13:48:42] name.INFO: После выполнения цикла 4904984 [] []
[2021-02-01 13:48:42] name.INFO: После удаления массива 706504 [] []
[2021-02-01 13:48:42] name.WARNING: Ошибка соединения [] []
[2021-02-01 13:48:42] name.INFO: -0.835548 [] []
[2021-02-01 13:48:42] name.INFO: 706552 [] []
[2021-02-01 18:34:28] name.INFO: До выполнения цикла 642216 [] []
[2021-02-01 18:34:28] name.INFO: После выполнения цикла 4904984 [] []
[2021-02-01 18:34:28] name.INFO: После удаления массива 706504 [] []
[2021-02-01 18:34:28] name.WARNING: Ошибка соединения [] []
[2021-02-01 18:34:28] name.INFO: 0.165071 [] []
[2021-02-01 18:34:28] name.INFO: 706552 [] []
[2021-02-01 18:42:05] name.INFO: До выполнения цикла 642216 [] []
[2021-02-01 18:42:05] name.INFO: После выполнения цикла 4904984 [] []
[2021-02-01 18:42:05] name.INFO: После удаления массива 706504 [] []
[2021-02-01 18:42:05] name.WARNING: Ошибка соединения [] []
[2021-02-01 18:42:05] name.INFO: -0.883239 [] []
[2021-02-01 18:42:05] name.INFO: 706552 [] []
[2021-02-01 18:44:45] name.INFO: До выполнения цикла 637944 [] []
[2021-02-01 18:44:45] name.INFO: После выполнения цикла 4900712 [] []
[2021-02-01 18:44:45] name.INFO: После удаления массива 702232 [] []
[2021-02-01 18:44:45] name.INFO: 0 [] []
[2021-02-01 18:44:45] name.INFO: 702232 [] []
[2021-02-01 18:48:21] name.INFO: До выполнения цикла 637944 [] []
[2021-02-01 18:48:21] name.INFO: После выполнения цикла 4900712 [] []
[2021-02-01 18:48:21] name.INFO: После удаления массива 702232 [] []
[2021-02-01 18:48:21] name.INFO: 0 [] []
[2021-02-01 18:48:21] name.INFO: 702232 [] []
[2021-02-01 18:48:52] name.INFO: До выполнения цикла 637992 [] []
[2021-02-01 18:48:52] name.INFO: После выполнения цикла 4900760 [] []
[2021-02-01 18:48:52] name.INFO: После удаления массива 702280 [] []
[2021-02-01 18:48:52] name.INFO: 0.09232 [] []
[2021-02-01 18:48:52] name.INFO: 702328 [] []
[2021-02-01 18:49:16] name.INFO: До выполнения цикла 637984 [] []
[2021-02-01 18:49:16] name.INFO: После выполнения цикла 4900752 [] []
[2021-02-01 18:49:16] name.INFO: После удаления массива 702272 [] []
[2021-02-01 18:49:16] name.INFO: 0.076234 [] []
[2021-02-01 18:49:16] name.INFO: 702320 [] []
[2021-02-01 18:49:19] name.INFO: До выполнения цикла 637984 [] []
[2021-02-01 18:49:19] name.INFO: После выполнения цикла 4900752 [] []
[2021-02-01 18:49:19] name.INFO: После удаления массива 702272 [] []
[2021-02-01 18:49:19] name.INFO: 0.06633 [] []
[2021-02-01 18:49:19] name.INFO: 702320 [] []
[2021-02-01 18:49:20] name.INFO: До выполнения цикла 637984 [] []
[2021-02-01 18:49:20] name.INFO: После выполнения цикла 4900752 [] []
[2021-02-01 18:49:20] name.INFO: После удаления массива 702272 [] []
[2021-02-01 18:49:20] name.INFO: 0.066221 [] []
[2021-02-01 18:49:20] name.INFO: 702320 [] []
[2021-02-01 18:49:21] name.INFO: До выполнения цикла 637984 [] []
[2021-02-01 18:49:21] name.INFO: После выполнения цикла 4900752 [] []
[2021-02-01 18:49:21] name.INFO: После удаления массива 702272 [] []
[2021-02-01 18:49:21] name.INFO: 0.066902 [] []
[2021-02-01 18:49:21] name.INFO: 702320 [] []
[2021-02-01 18:49:57] name.INFO: До выполнения цикла 637992 [] []
[2021-02-01 18:49:57] name.INFO: После выполнения цикла 4900760 [] []
[2021-02-01 18:49:57] name.INFO: После удаления массива 702280 [] []
[2021-02-01 18:49:57] name.INFO: 1612187397.0821 [] []
[2021-02-01 18:49:57] name.INFO: 702280 [] []
[2021-02-01 18:50:14] name.INFO: До выполнения цикла 642032 [] []
[2021-02-01 18:50:14] name.INFO: После выполнения цикла 4904800 [] []
[2021-02-01 18:50:14] name.INFO: После удаления массива 706320 [] []
[2021-02-01 18:50:14] name.INFO: 0.077073812484741 [] []
[2021-02-01 18:50:14] name.INFO: 706320 [] []
[2021-02-01 18:51:42] name.INFO: До выполнения цикла 637936 [] []
[2021-02-01 18:51:42] name.INFO: После выполнения цикла 4900704 [] []
[2021-02-01 18:51:42] name.INFO: После удаления массива 702224 [] []
[2021-02-01 18:51:42] name.INFO: 0.12131714820862 [] []
[2021-02-01 18:51:42] name.INFO: 702224 [] []
[2021-02-01 19:00:34] name.INFO: До выполнения цикла 637936 [] []
[2021-02-01 19:00:34] name.INFO: После выполнения цикла 4900704 [] []
[2021-02-01 19:00:34] name.INFO: После удаления массива 702224 [] []
[2021-02-01 19:00:34] name.INFO: 0.091171979904175 [] []
[2021-02-01 19:00:34] name.INFO: 702224 [] []
[2021-02-01 19:01:14] name.INFO: До выполнения цикла 703584 [] []
[2021-02-01 19:01:14] name.INFO: После выполнения цикла 4966352 [] []
[2021-02-01 19:01:14] name.INFO: После удаления массива 767872 [] []
[2021-02-01 19:01:14] name.INFO: 0.16601395606995 [] []
[2021-02-01 19:01:14] name.INFO: 767872 [] []
[2021-02-01 19:02:16] name.INFO: До выполнения цикла 703592 [] []
[2021-02-01 19:02:16] name.INFO: После выполнения цикла 4966360 [] []
[2021-02-01 19:02:16] name.INFO: После удаления массива 767880 [] []
[2021-02-01 19:02:16] name.INFO: 0.10362100601196 [] []
[2021-02-01 19:02:16] name.INFO: 767880 [] []
[2021-02-01 19:12:18] name.INFO: До выполнения цикла 642576 [] []
[2021-02-01 19:12:18] name.INFO: После выполнения цикла 4905344 [] []
[2021-02-01 19:12:18] name.INFO: После удаления массива 706864 [] []
[2021-02-01 19:12:18] name.INFO: 0.12820100784302 [] []
[2021-02-01 19:12:18] name.INFO: 706864 [] []
[2021-02-01 19:20:19] name.INFO: До выполнения цикла 643160 [] []
[2021-02-01 19:20:19] name.INFO: После выполнения цикла 4905928 [] []
[2021-02-01 19:20:19] name.INFO: После удаления массива 707448 [] []
[2021-02-01 19:20:19] name.INFO: 0.099674940109253 [] []
[2021-02-01 19:20:19] name.INFO: 707448 [] []
[2021-02-01 19:31:50] name.INFO: До выполнения цикла 643192 [] []
[2021-02-01 19:31:50] name.INFO: После выполнения цикла 4905960 [] []
[2021-02-01 19:32:42] name.INFO: До выполнения цикла 643192 [] []
[2021-02-01 19:32:42] name.INFO: После выполнения цикла 4906336 [] []
[2021-02-01 19:37:44] name.INFO: До выполнения цикла 643288 [] []
[2021-02-01 19:37:44] name.INFO: После выполнения цикла 4906432 [] []
[2021-02-01 19:38:03] name.INFO: До выполнения цикла 643256 [] []
[2021-02-01 19:38:03] name.INFO: После выполнения цикла 4906400 [] []
[2021-02-01 19:38:03] name.INFO: После удаления массива 707544 [] []
[2021-02-01 19:38:03] name.INFO: 0.10659408569336 [] []
[2021-02-01 19:38:03] name.INFO: 707544 [] []
